<?xml version="1.0" encoding="UTF-8"?>
<!-- Generated by org.testng.reporters.JUnitXMLReporter -->
<testsuite hostname="ip-172-31-95-9" ignored="2" name="Test" tests="3" failures="0" timestamp="20 Dec 2021 05:50:09 GMT" time="5.198" errors="0">
  <testcase name="signupTest" time="0.85" classname="tests.SignUpPageTest"/>
  <testcase name="LoginTest" time="0.47" classname="tests.LoginPageTest"/>
  <testcase name="afterLogin" time="1.065" classname="tests.AfterLoginTest"/>
  <testcase name="@BeforeTest ReportSetup" time="0.0" classname="tests.BaseClass">
    <ignored/>
  </testcase> <!-- @BeforeTest ReportSetup -->
  <testcase name="@BeforeTest ReportSetup" time="0.0" classname="tests.BaseClass">
    <ignored/>
  </testcase> <!-- @BeforeTest ReportSetup -->
</testsuite> <!-- Test -->
